<?xml version="1.0" encoding="UTF-8"?>
<testng-results skipped="0" failed="0" ignored="0" total="1" passed="1">
  <reporter-output>
  </reporter-output>
  <suite name="Suite" duration-ms="37503" started-at="2021-05-31T21:23:01 GST" finished-at="2021-05-31T21:23:39 GST">
    <groups>
    </groups>
    <test name="Test" duration-ms="37503" started-at="2021-05-31T21:23:01 GST" finished-at="2021-05-31T21:23:39 GST">
      <class name="jenkins.GoogleHomePageTest">
        <test-method status="PASS" signature="setUpBeforeClass()[pri:0, instance:jenkins.GoogleHomePageTest@ec756bd]" name="setUpBeforeClass" is-config="true" duration-ms="30181" started-at="2021-05-31T21:23:01 GST" finished-at="2021-05-31T21:23:31 GST">
          <reporter-output>
          </reporter-output>
        </test-method> <!-- setUpBeforeClass -->
        <test-method status="PASS" signature="testHomePage()[pri:0, instance:jenkins.GoogleHomePageTest@ec756bd]" name="testHomePage" duration-ms="4069" started-at="2021-05-31T21:23:31 GST" finished-at="2021-05-31T21:23:35 GST">
          <reporter-output>
          </reporter-output>
        </test-method> <!-- testHomePage -->
        <test-method status="PASS" signature="setUpAfterClass()[pri:0, instance:jenkins.GoogleHomePageTest@ec756bd]" name="setUpAfterClass" is-config="true" duration-ms="3195" started-at="2021-05-31T21:23:36 GST" finished-at="2021-05-31T21:23:39 GST">
          <reporter-output>
          </reporter-output>
        </test-method> <!-- setUpAfterClass -->
      </class> <!-- jenkins.GoogleHomePageTest -->
    </test> <!-- Test -->
  </suite> <!-- Suite -->
</testng-results>
