<?xml version="1.0" encoding="UTF-8"?>
<testng-results skipped="0" failed="0" ignored="0" total="1" passed="1">
  <reporter-output>
  </reporter-output>
  <suite name="Default suite" duration-ms="36253" started-at="2021-05-21T08:12:22Z" finished-at="2021-05-21T08:12:59Z">
    <groups>
    </groups>
    <test name="Default test" duration-ms="36253" started-at="2021-05-21T08:12:22Z" finished-at="2021-05-21T08:12:59Z">
      <class name="xpathChallenges.FacebookLogin">
        <test-method status="PASS" signature="TestFaceBookFindFriends()[pri:0, instance:xpathChallenges.FacebookLogin@91161c7]" name="TestFaceBookFindFriends" duration-ms="36192" started-at="2021-05-21T08:12:23Z" finished-at="2021-05-21T08:12:59Z">
          <reporter-output>
          </reporter-output>
        </test-method> <!-- TestFaceBookFindFriends -->
      </class> <!-- xpathChallenges.FacebookLogin -->
    </test> <!-- Default test -->
  </suite> <!-- Default suite -->
</testng-results>
